#
# A fatal error has been detected by the Java Runtime Environment:
#
#  SIGSEGV (0xb) at pc=0x000000010ee4d2ac, pid=82784, tid=0x0000000000003407
#
# JRE version: Java(TM) SE Runtime Environment (8.0_162-b12) (build 1.8.0_162-b12)
# Java VM: Java HotSpot(TM) 64-Bit Server VM (25.162-b12 mixed mode bsd-amd64 compressed oops)
# Problematic frame:
# V  [libjvm.dylib+0x24d2ac]  frame::sender(RegisterMap*) const+0x78
#
# Failed to write core dump. Core dumps have been disabled. To enable core dumping, try "ulimit -c unlimited" before starting Java again
#
# If you would like to submit a bug report, please visit:
#   http://bugreport.java.com/bugreport/crash.jsp
#

---------------  T H R E A D  ---------------

Current thread (0x00007f8d09039000):  JavaThread "JDWP Transport Listener: dt_socket" daemon [_thread_in_vm, id=13319, stack(0x000070000cf15000,0x000070000d015000)]

siginfo: si_signo: 11 (SIGSEGV), si_code: 1 (SEGV_MAPERR), si_addr: 0x000001b8e5894855

Registers:
RAX=0x000001b8e5894855, RBX=0x000070000d013cf0, RCX=0xe589485590c35d00, RDX=0x000000011acdb620
RSP=0x000070000d013c60, RBP=0x000070000d013c80, RSI=0x00007f8d0b2d9618, RDI=0x00007f8d0b2d9618
R8 =0x00007f8d0b2d96a8, R9 =0x000070000d013d80, R10=0x000070000c6acb48, R11=0xfffff07301d3a6d8
R12=0x000070000d013cf0, R13=0x00007f8d09039000, R14=0x000070000d013d20, R15=0x00007f8d0b2d9618
RIP=0x000000010ee4d2ac, EFLAGS=0x0000000000010246, ERR=0x0000000000000004
  TRAPNO=0x000000000000000e

Top of Stack: (sp=0x000070000d013c60)
0x000070000d013c60:   000070000d013d20 00007f8d08e02530
0x000070000d013c70:   000070000d013cf0 000070000d014310
0x000070000d013c80:   000070000d013ce0 000000010ee4bcb0
0x000070000d013c90:   000070000d013cd0 000000010ee4d034
0x000070000d013ca0:   0000000000007fe8 000070000d013d70
0x000070000d013cb0:   000070000d013d70 00007f8d0b2d9010
0x000070000d013cc0:   00007f8d08e02530 00007f8d0b2d9610
0x000070000d013cd0:   00000000000014c3 000070000d014310
0x000070000d013ce0:   000070000d0142e0 000000010f1ad20a
0x000070000d013cf0:   000000010f0531a4 e589485590c35d00
0x000070000d013d00:   0000000000000000 0000000100000000
0x000070000d013d10:   000001b8e5894855 000000010f0531a4
0x000070000d013d20:   0000000000000000 0000000000000000
0x000070000d013d30:   0000000000000000 0000000000000000
0x000070000d013d40:   0000000000000000 0000000000000000
0x000070000d013d50:   0000000000000000 0000000000000000
0x000070000d013d60:   0000000000000000 0000000000000000
0x000070000d013d70:   000070000c6acb48 000070000c6acb48
0x000070000d013d80:   0000000000000000 0000000000000000
0x000070000d013d90:   0000000000000000 0000000000000000
0x000070000d013da0:   0000000000000000 0000000000000000
0x000070000d013db0:   0000000000000000 0000000000000000
0x000070000d013dc0:   0000000000000000 0000000000000000
0x000070000d013dd0:   0000000000000000 0000000000000000
0x000070000d013de0:   0000000000000000 0000000000000000
0x000070000d013df0:   0000000000000000 0000000000000000
0x000070000d013e00:   0000000000000000 0000000000000000
0x000070000d013e10:   0000000000000000 0000000000000000
0x000070000d013e20:   0000000000000000 0000000000000000
0x000070000d013e30:   0000000000000000 0000000000000000
0x000070000d013e40:   0000000000000000 0000000000000000
0x000070000d013e50:   0000000000000000 0000000000000000 

Instructions: (pc=0x000000010ee4d2ac)
0x000000010ee4d28c:   fd ff ff eb 77 49 83 7f 10 00 74 10 4c 89 e7 4c
0x000000010ee4d29c:   89 fe 4c 89 f2 e8 06 fe ff ff eb 60 49 8b 47 20
0x000000010ee4d2ac:   48 8b 08 48 8b 78 08 48 83 c0 10 49 89 04 24 49
0x000000010ee4d2bc:   89 44 24 28 49 89 4c 24 20 49 89 7c 24 08 e8 43 

Register to memory mapping:

RAX=0x000001b8e5894855 is an unknown value
RBX=0x000070000d013cf0 is pointing into the stack for thread: 0x00007f8d09039000
RCX=0xe589485590c35d00 is an unknown value
RDX=0x000000011acdb620 is an unknown value
RSP=0x000070000d013c60 is pointing into the stack for thread: 0x00007f8d09039000
RBP=0x000070000d013c80 is pointing into the stack for thread: 0x00007f8d09039000
RSI=0x00007f8d0b2d9618 is an unknown value
RDI=0x00007f8d0b2d9618 is an unknown value
R8 =0x00007f8d0b2d96a8 is an unknown value
R9 =0x000070000d013d80 is pointing into the stack for thread: 0x00007f8d09039000
R10=0x000070000c6acb48 is pointing into the stack for thread: 0x00007f8d0a004000
R11=0xfffff07301d3a6d8 is an unknown value
R12=0x000070000d013cf0 is pointing into the stack for thread: 0x00007f8d09039000
R13=0x00007f8d09039000 is a thread
R14=0x000070000d013d20 is pointing into the stack for thread: 0x00007f8d09039000
R15=0x00007f8d0b2d9618 is an unknown value


Stack: [0x000070000cf15000,0x000070000d015000],  sp=0x000070000d013c60,  free space=1019k
Native frames: (J=compiled Java code, j=interpreted, Vv=VM code, C=native code)
V  [libjvm.dylib+0x24d2ac]  frame::sender(RegisterMap*) const+0x78
V  [libjvm.dylib+0x24bcb0]  frame::real_sender(RegisterMap*) const+0x1e
V  [libjvm.dylib+0x5ad20a]  vframe::sender() const+0x58
V  [libjvm.dylib+0x5accb1]  vframe::java_sender() const+0x2d
V  [libjvm.dylib+0x38db9e]  JvmtiEnvBase::vframeFor(JavaThread*, int)+0x5c
V  [libjvm.dylib+0x38df17]  JvmtiEnvBase::get_frame_location(JavaThread*, int, _jmethodID**, long*)+0x6f
V  [libjvm.dylib+0x3898c6]  JvmtiEnv::GetFrameLocation(JavaThread*, int, _jmethodID**, long*)+0x50
V  [libjvm.dylib+0x35f3cb]  jvmti_GetFrameLocation+0x156
C  [libjdwp.dylib+0x8666]  frames+0x1f5
C  [libjdwp.dylib+0xe50c]  debugLoop_run+0x1c2
C  [libjdwp.dylib+0x1f5de]  attachThread+0x4d
V  [libjvm.dylib+0x39c14c]  JvmtiAgentThread::call_start_function()+0x38
V  [libjvm.dylib+0x56ed0f]  JavaThread::thread_main_inner()+0x9b
V  [libjvm.dylib+0x57040a]  JavaThread::run()+0x1c2
V  [libjvm.dylib+0x48d672]  java_start(Thread*)+0xf6
C  [libsystem_pthread.dylib+0x333d]  _pthread_body+0x7e
C  [libsystem_pthread.dylib+0x62a7]  _pthread_start+0x46
C  [libsystem_pthread.dylib+0x2425]  thread_start+0xd
C  0x0000000000000000


---------------  P R O C E S S  ---------------

Java Threads: ( => current thread )
  0x00007f8d09a30800 JavaThread "SIGTERM handler" daemon [_thread_blocked, id=17671, stack(0x000070000d11b000,0x000070000d21b000)]
  0x00007f8d09827800 JavaThread "Service Thread" daemon [_thread_blocked, id=15875, stack(0x000070000d527000,0x000070000d627000)]
  0x00007f8d0a053800 JavaThread "C1 CompilerThread2" daemon [_thread_blocked, id=16387, stack(0x000070000d424000,0x000070000d524000)]
  0x00007f8d0a05a800 JavaThread "C2 CompilerThread1" daemon [_thread_blocked, id=16899, stack(0x000070000d321000,0x000070000d421000)]
  0x00007f8d0a852000 JavaThread "C2 CompilerThread0" daemon [_thread_blocked, id=17155, stack(0x000070000d21e000,0x000070000d31e000)]
  0x00007f8d0a052000 JavaThread "JDWP Event Helper Thread" daemon [_thread_blocked, id=13571, stack(0x000070000d018000,0x000070000d118000)]
=>0x00007f8d09039000 JavaThread "JDWP Transport Listener: dt_socket" daemon [_thread_in_vm, id=13319, stack(0x000070000cf15000,0x000070000d015000)]
  0x00007f8d09038000 JavaThread "Signal Dispatcher" daemon [_thread_blocked, id=18435, stack(0x000070000ce12000,0x000070000cf12000)]
  0x00007f8d0a80f800 JavaThread "Finalizer" daemon [_thread_blocked, id=19971, stack(0x000070000cd0f000,0x000070000ce0f000)]
  0x00007f8d0980f800 JavaThread "Reference Handler" daemon [_thread_blocked, id=20483, stack(0x000070000cc0c000,0x000070000cd0c000)]
  0x00007f8d0a004000 JavaThread "main" [_thread_blocked, id=9731, stack(0x000070000c5fa000,0x000070000c6fa000)]

Other Threads:
  0x00007f8d0a00c800 VMThread [stack: 0x000070000cb09000,0x000070000cc09000] [id=20739]

VM state:synchronizing (normal execution)

VM Mutex/Monitor currently owned by a thread:  ([mutex/lock_event])
[0x00007f8d08c026c0] Threads_lock - owner thread: 0x00007f8d0a00c800
[0x00007f8d08c030c0] Compile_lock - owner thread: 0x00007f8d0a004000

Heap:
 PSYoungGen      total 38400K, used 8181K [0x0000000795580000, 0x0000000798000000, 0x00000007c0000000)
  eden space 33280K, 24% used [0x0000000795580000,0x0000000795d7d448,0x0000000797600000)
  from space 5120K, 0% used [0x0000000797b00000,0x0000000797b00000,0x0000000798000000)
  to   space 5120K, 0% used [0x0000000797600000,0x0000000797600000,0x0000000797b00000)
 ParOldGen       total 87552K, used 0K [0x0000000740000000, 0x0000000745580000, 0x0000000795580000)
  object space 87552K, 0% used [0x0000000740000000,0x0000000740000000,0x0000000745580000)
 Metaspace       used 4862K, capacity 5010K, committed 5248K, reserved 1056768K
  class space    used 511K, capacity 561K, committed 640K, reserved 1048576K

Card table byte_map: [0x000000010ffbf000,0x00000001103c0000] byte_map_base: 0x000000010c5bf000

Marking Bits: (ParMarkBitMap*) 0x000000010f4f76c0
 Begin Bits: [0x000000011066b000, 0x000000011266b000)
 End Bits:   [0x000000011266b000, 0x000000011466b000)

Polling page: 0x000000010e353000

CodeCache: size=245760Kb used=1329Kb max_used=1329Kb free=244430Kb
 bounds [0x000000011ac96000, 0x000000011af06000, 0x0000000129c96000]
 total_blobs=390 nmethods=110 adapters=202
 compilation: enabled

Compilation events (10 events):
Event: 0.793 Thread 0x00007f8d0a053800  106       3       java.lang.Long::<init> (10 bytes)
Event: 0.793 Thread 0x00007f8d0a053800 nmethod 106 0x000000011ade16d0 code [0x000000011ade1840, 0x000000011ade1a50]
Event: 0.794 Thread 0x00007f8d0a053800  107       3       org.eclipse.jdt.launching.internal.org.objectweb.asm.ClassReader::readUnsignedShort (26 bytes)
Event: 0.794 Thread 0x00007f8d0a053800 nmethod 107 0x000000011ade1b50 code [0x000000011ade1cc0, 0x000000011ade1e70]
Event: 0.794 Thread 0x00007f8d0a053800  108       3       java.lang.Character::toLowerCase (6 bytes)
Event: 0.794 Thread 0x00007f8d0a053800 nmethod 108 0x000000011ade1f90 code [0x000000011ade2120, 0x000000011ade23b8]
Event: 0.813 Thread 0x00007f8d0a053800  109       3       java.nio.Buffer::checkIndex (22 bytes)
Event: 0.814 Thread 0x00007f8d0a053800 nmethod 109 0x000000011ade24d0 code [0x000000011ade2660, 0x000000011ade2908]
Event: 0.814 Thread 0x00007f8d0a053800  110       3       java.nio.DirectLongBufferU::ix (10 bytes)
Event: 0.814 Thread 0x00007f8d0a053800 nmethod 110 0x000000011ade2a10 code [0x000000011ade2b60, 0x000000011ade2cd0]

GC Heap History (0 events):
No events

Deoptimization events (0 events):
No events

Classes redefined (0 events):
No events

Internal exceptions (4 events):
Event: 0.061 Thread 0x00007f8d0a004000 Exception <a 'java/lang/NoSuchMethodError': Method sun.misc.Unsafe.defineClass(Ljava/lang/String;[BII)Ljava/lang/Class; name or signature does not match> (0x0000000795587ca0) thrown at [/Users/java_re/workspace/8-2-build-macosx-x86_64/jdk8u162/10278/hotsp
Event: 0.061 Thread 0x00007f8d0a004000 Exception <a 'java/lang/NoSuchMethodError': Method sun.misc.Unsafe.prefetchRead(Ljava/lang/Object;J)V name or signature does not match> (0x0000000795587f88) thrown at [/Users/java_re/workspace/8-2-build-macosx-x86_64/jdk8u162/10278/hotspot/src/share/vm/pr
Event: 41.310 Thread 0x00007f8d0a004000 Exception <a 'java/lang/StackOverflowError'> (0x0000000795b8a0d8) thrown at [/Users/java_re/workspace/8-2-build-macosx-x86_64/jdk8u162/10278/hotspot/src/share/vm/interpreter/interpreterRuntime.cpp, line 323]
Event: 80.200 Thread 0x00007f8d0a004000 Exception <a 'java/io/IOException'> (0x0000000795b8e010) thrown at [/Users/java_re/workspace/8-2-build-macosx-x86_64/jdk8u162/10278/hotspot/src/share/vm/prims/jni.cpp, line 709]

Events (10 events):
Event: 41.008 Executing VM operation: EnterInterpOnlyMode done
Event: 74.424 Thread 0x00007f8d09039800 Thread exited: 0x00007f8d09039800
Event: 80.192 loading class sun/misc/Signal$1
Event: 80.194 loading class sun/misc/Signal$1 done
Event: 80.194 Thread 0x00007f8d09a30800 Thread added: 0x00007f8d09a30800
Event: 80.195 loading class java/lang/Shutdown
Event: 80.195 loading class java/lang/Shutdown done
Event: 80.195 loading class java/lang/Shutdown$Lock
Event: 80.195 loading class java/lang/Shutdown$Lock done
Event: 80.200 loading class java/io/InterruptedIOException


Dynamic libraries:
0x000000001a29c000 	/System/Library/Frameworks/Cocoa.framework/Versions/A/Cocoa
0x000000001a29c000 	/System/Library/Frameworks/Security.framework/Versions/A/Security
0x000000001a29c000 	/System/Library/Frameworks/ApplicationServices.framework/Versions/A/ApplicationServices
0x000000001a29c000 	/usr/lib/libz.1.dylib
0x000000001a29c000 	/usr/lib/libSystem.B.dylib
0x000000001a29c000 	/usr/lib/libobjc.A.dylib
0x000000001a29c000 	/System/Library/Frameworks/CoreFoundation.framework/Versions/A/CoreFoundation
0x000000001a29c000 	/System/Library/Frameworks/Foundation.framework/Versions/C/Foundation
0x000000001a29c000 	/System/Library/Frameworks/AppKit.framework/Versions/C/AppKit
0x000000001a29c000 	/System/Library/Frameworks/CoreData.framework/Versions/A/CoreData
0x000000001a29c000 	/System/Library/PrivateFrameworks/RemoteViewServices.framework/Versions/A/RemoteViewServices
0x000000001a29c000 	/System/Library/PrivateFrameworks/UIFoundation.framework/Versions/A/UIFoundation
0x000000001a29c000 	/System/Library/PrivateFrameworks/XCTTargetBootstrap.framework/Versions/A/XCTTargetBootstrap
0x000000001a29c000 	/System/Library/PrivateFrameworks/IconServices.framework/Versions/A/IconServices
0x000000001a29c000 	/System/Library/Frameworks/Metal.framework/Versions/A/Metal
0x000000001a29c000 	/System/Library/PrivateFrameworks/DesktopServicesPriv.framework/Versions/A/DesktopServicesPriv
0x000000001a29c000 	/usr/lib/libenergytrace.dylib
0x000000001a29c000 	/System/Library/PrivateFrameworks/SkyLight.framework/Versions/A/SkyLight
0x000000001a29c000 	/System/Library/Frameworks/CoreGraphics.framework/Versions/A/CoreGraphics
0x000000001a29c000 	/System/Library/Frameworks/Accelerate.framework/Versions/A/Accelerate
0x000000001a29c000 	/System/Library/Frameworks/IOSurface.framework/Versions/A/IOSurface
0x000000001a29c000 	/System/Library/PrivateFrameworks/DFRFoundation.framework/Versions/A/DFRFoundation
0x000000001a29c000 	/System/Library/Frameworks/AudioToolbox.framework/Versions/A/AudioToolbox
0x000000001a29c000 	/System/Library/Frameworks/AudioUnit.framework/Versions/A/AudioUnit
0x000000001a29c000 	/System/Library/PrivateFrameworks/DataDetectorsCore.framework/Versions/A/DataDetectorsCore
0x000000001a29c000 	/System/Library/Frameworks/Carbon.framework/Versions/A/Frameworks/HIToolbox.framework/Versions/A/HIToolbox
0x000000001a29c000 	/usr/lib/libicucore.A.dylib
0x000000001a29c000 	/System/Library/Frameworks/QuartzCore.framework/Versions/A/QuartzCore
0x000000001a29c000 	/System/Library/Frameworks/Carbon.framework/Versions/A/Frameworks/SpeechRecognition.framework/Versions/A/SpeechRecognition
0x000000001a29c000 	/usr/lib/libauto.dylib
0x000000001a29c000 	/usr/lib/libxml2.2.dylib
0x000000001a29c000 	/System/Library/PrivateFrameworks/CoreUI.framework/Versions/A/CoreUI
0x000000001a29c000 	/System/Library/Frameworks/CoreAudio.framework/Versions/A/CoreAudio
0x000000001a29c000 	/System/Library/Frameworks/DiskArbitration.framework/Versions/A/DiskArbitration
0x000000001a29c000 	/usr/lib/liblangid.dylib
0x000000001a29c000 	/System/Library/PrivateFrameworks/MultitouchSupport.framework/Versions/A/MultitouchSupport
0x000000001a29c000 	/System/Library/Frameworks/IOKit.framework/Versions/A/IOKit
0x000000001a29c000 	/usr/lib/libDiagnosticMessagesClient.dylib
0x000000001a29c000 	/System/Library/Frameworks/CoreServices.framework/Versions/A/CoreServices
0x000000001a29c000 	/System/Library/PrivateFrameworks/PerformanceAnalysis.framework/Versions/A/PerformanceAnalysis
0x000000001a29c000 	/System/Library/Frameworks/OpenGL.framework/Versions/A/OpenGL
0x000000001a29c000 	/System/Library/Frameworks/ColorSync.framework/Versions/A/ColorSync
0x000000001a29c000 	/System/Library/Frameworks/CoreImage.framework/Versions/A/CoreImage
0x000000001a29c000 	/System/Library/Frameworks/CoreText.framework/Versions/A/CoreText
0x000000001a29c000 	/System/Library/Frameworks/ImageIO.framework/Versions/A/ImageIO
0x000000001a29c000 	/System/Library/PrivateFrameworks/Backup.framework/Versions/A/Backup
0x000000001a29c000 	/usr/lib/libarchive.2.dylib
0x000000001a29c000 	/System/Library/Frameworks/CFNetwork.framework/Versions/A/CFNetwork
0x000000001a29c000 	/System/Library/Frameworks/SystemConfiguration.framework/Versions/A/SystemConfiguration
0x000000001a29c000 	/usr/lib/libCRFSuite.dylib
0x000000001a29c000 	/usr/lib/libc++.1.dylib
0x000000001a29c000 	/usr/lib/libc++abi.dylib
0x000000001a29c000 	/usr/lib/system/libcache.dylib
0x000000001a29c000 	/usr/lib/system/libcommonCrypto.dylib
0x000000001a29c000 	/usr/lib/system/libcompiler_rt.dylib
0x000000001a29c000 	/usr/lib/system/libcopyfile.dylib
0x000000001a29c000 	/usr/lib/system/libcorecrypto.dylib
0x000000001a29c000 	/usr/lib/system/libdispatch.dylib
0x000000001a29c000 	/usr/lib/system/libdyld.dylib
0x000000001a29c000 	/usr/lib/system/libkeymgr.dylib
0x000000001a29c000 	/usr/lib/system/liblaunch.dylib
0x000000001a29c000 	/usr/lib/system/libmacho.dylib
0x000000001a29c000 	/usr/lib/system/libquarantine.dylib
0x000000001a29c000 	/usr/lib/system/libremovefile.dylib
0x000000001a29c000 	/usr/lib/system/libsystem_asl.dylib
0x000000001a29c000 	/usr/lib/system/libsystem_blocks.dylib
0x000000001a29c000 	/usr/lib/system/libsystem_c.dylib
0x000000001a29c000 	/usr/lib/system/libsystem_configuration.dylib
0x000000001a29c000 	/usr/lib/system/libsystem_coreservices.dylib
0x000000001a29c000 	/usr/lib/system/libsystem_darwin.dylib
0x000000001a29c000 	/usr/lib/system/libsystem_dnssd.dylib
0x000000001a29c000 	/usr/lib/system/libsystem_info.dylib
0x000000001a29c000 	/usr/lib/system/libsystem_m.dylib
0x000000001a29c000 	/usr/lib/system/libsystem_malloc.dylib
0x000000001a29c000 	/usr/lib/system/libsystem_networkextension.dylib
0x000000001a29c000 	/usr/lib/system/libsystem_notify.dylib
0x000000001a29c000 	/usr/lib/system/libsystem_sandbox.dylib
0x000000001a29c000 	/usr/lib/system/libsystem_secinit.dylib
0x000000001a29c000 	/usr/lib/system/libsystem_kernel.dylib
0x000000001a29c000 	/usr/lib/system/libsystem_platform.dylib
0x000000001a29c000 	/usr/lib/system/libsystem_pthread.dylib
0x000000001a29c000 	/usr/lib/system/libsystem_symptoms.dylib
0x000000001a29c000 	/usr/lib/system/libsystem_trace.dylib
0x000000001a29c000 	/usr/lib/system/libunwind.dylib
0x000000001a29c000 	/usr/lib/system/libxpc.dylib
0x000000001a29c000 	/usr/lib/libbsm.0.dylib
0x000000001a29c000 	/usr/lib/system/libkxld.dylib
0x000000001a29c000 	/System/Library/PrivateFrameworks/AppleFSCompression.framework/Versions/A/AppleFSCompression
0x000000001a29c000 	/usr/lib/libOpenScriptingUtil.dylib
0x000000001a29c000 	/usr/lib/libcoretls.dylib
0x000000001a29c000 	/usr/lib/libcoretls_cfhelpers.dylib
0x000000001a29c000 	/usr/lib/libpam.2.dylib
0x000000001a29c000 	/usr/lib/libsqlite3.dylib
0x000000001a29c000 	/usr/lib/libxar.1.dylib
0x000000001a29c000 	/usr/lib/libbz2.1.0.dylib
0x000000001a29c000 	/usr/lib/liblzma.5.dylib
0x000000001a29c000 	/usr/lib/libnetwork.dylib
0x000000001a29c000 	/usr/lib/libapple_nghttp2.dylib
0x000000001a29c000 	/usr/lib/libpcap.A.dylib
0x000000001a29c000 	/System/Library/Frameworks/CoreServices.framework/Versions/A/Frameworks/FSEvents.framework/Versions/A/FSEvents
0x000000001a29c000 	/System/Library/Frameworks/CoreServices.framework/Versions/A/Frameworks/CarbonCore.framework/Versions/A/CarbonCore
0x000000001a29c000 	/System/Library/Frameworks/CoreServices.framework/Versions/A/Frameworks/Metadata.framework/Versions/A/Metadata
0x000000001a29c000 	/System/Library/Frameworks/CoreServices.framework/Versions/A/Frameworks/OSServices.framework/Versions/A/OSServices
0x000000001a29c000 	/System/Library/Frameworks/CoreServices.framework/Versions/A/Frameworks/SearchKit.framework/Versions/A/SearchKit
0x000000001a29c000 	/System/Library/Frameworks/CoreServices.framework/Versions/A/Frameworks/AE.framework/Versions/A/AE
0x000000001a29c000 	/System/Library/Frameworks/CoreServices.framework/Versions/A/Frameworks/LaunchServices.framework/Versions/A/LaunchServices
0x000000001a29c000 	/System/Library/Frameworks/CoreServices.framework/Versions/A/Frameworks/DictionaryServices.framework/Versions/A/DictionaryServices
0x000000001a29c000 	/System/Library/Frameworks/CoreServices.framework/Versions/A/Frameworks/SharedFileList.framework/Versions/A/SharedFileList
0x000000001a29c000 	/System/Library/Frameworks/NetFS.framework/Versions/A/NetFS
0x000000001a29c000 	/System/Library/PrivateFrameworks/NetAuth.framework/Versions/A/NetAuth
0x000000001a29c000 	/System/Library/PrivateFrameworks/login.framework/Versions/A/Frameworks/loginsupport.framework/Versions/A/loginsupport
0x000000001a29c000 	/System/Library/PrivateFrameworks/TCC.framework/Versions/A/TCC
0x000000001a29c000 	/System/Library/PrivateFrameworks/CoreNLP.framework/Versions/A/CoreNLP
0x000000001a29c000 	/System/Library/PrivateFrameworks/MetadataUtilities.framework/Versions/A/MetadataUtilities
0x000000001a29c000 	/usr/lib/libmecabra.dylib
0x000000001a29c000 	/System/Library/Frameworks/ApplicationServices.framework/Versions/A/Frameworks/ATS.framework/Versions/A/ATS
0x000000001a29c000 	/System/Library/Frameworks/ApplicationServices.framework/Versions/A/Frameworks/ColorSyncLegacy.framework/Versions/A/ColorSyncLegacy
0x000000001a29c000 	/System/Library/Frameworks/ApplicationServices.framework/Versions/A/Frameworks/HIServices.framework/Versions/A/HIServices
0x000000001a29c000 	/System/Library/Frameworks/ApplicationServices.framework/Versions/A/Frameworks/LangAnalysis.framework/Versions/A/LangAnalysis
0x000000001a29c000 	/System/Library/Frameworks/ApplicationServices.framework/Versions/A/Frameworks/PrintCore.framework/Versions/A/PrintCore
0x000000001a29c000 	/System/Library/Frameworks/ApplicationServices.framework/Versions/A/Frameworks/QD.framework/Versions/A/QD
0x000000001a29c000 	/System/Library/Frameworks/ApplicationServices.framework/Versions/A/Frameworks/SpeechSynthesis.framework/Versions/A/SpeechSynthesis
0x000000001a29c000 	/usr/lib/libcompression.dylib
0x000000001a29c000 	/System/Library/Frameworks/CoreDisplay.framework/Versions/A/CoreDisplay
0x000000001a29c000 	/System/Library/Frameworks/MetalPerformanceShaders.framework/Versions/A/MetalPerformanceShaders
0x000000001a29c000 	/System/Library/Frameworks/Accelerate.framework/Versions/A/Frameworks/vImage.framework/Versions/A/vImage
0x000000001a29c000 	/System/Library/Frameworks/Accelerate.framework/Versions/A/Frameworks/vecLib.framework/Versions/A/vecLib
0x000000001a29c000 	/System/Library/Frameworks/Accelerate.framework/Versions/A/Frameworks/vecLib.framework/Versions/A/libvMisc.dylib
0x000000001a29c000 	/System/Library/Frameworks/Accelerate.framework/Versions/A/Frameworks/vecLib.framework/Versions/A/libvDSP.dylib
0x000000001a29c000 	/System/Library/Frameworks/Accelerate.framework/Versions/A/Frameworks/vecLib.framework/Versions/A/libBLAS.dylib
0x000000001a29c000 	/System/Library/Frameworks/Accelerate.framework/Versions/A/Frameworks/vecLib.framework/Versions/A/libLAPACK.dylib
0x000000001a29c000 	/System/Library/Frameworks/Accelerate.framework/Versions/A/Frameworks/vecLib.framework/Versions/A/libLinearAlgebra.dylib
0x000000001a29c000 	/System/Library/Frameworks/Accelerate.framework/Versions/A/Frameworks/vecLib.framework/Versions/A/libSparseBLAS.dylib
0x000000001a29c000 	/System/Library/Frameworks/Accelerate.framework/Versions/A/Frameworks/vecLib.framework/Versions/A/libQuadrature.dylib
0x000000001a29c000 	/System/Library/Frameworks/Accelerate.framework/Versions/A/Frameworks/vecLib.framework/Versions/A/libBNNS.dylib
0x000000001a29c000 	/System/Library/Frameworks/Accelerate.framework/Versions/A/Frameworks/vecLib.framework/Versions/A/libSparse.dylib
0x000000001a29c000 	/System/Library/PrivateFrameworks/GPUWrangler.framework/Versions/A/GPUWrangler
0x000000001a29c000 	/System/Library/PrivateFrameworks/IOAccelerator.framework/Versions/A/IOAccelerator
0x000000001a29c000 	/System/Library/PrivateFrameworks/IOPresentment.framework/Versions/A/IOPresentment
0x000000001a29c000 	/System/Library/PrivateFrameworks/DSExternalDisplay.framework/Versions/A/DSExternalDisplay
0x000000001a29c000 	/System/Library/Frameworks/OpenGL.framework/Versions/A/Libraries/libCoreFSCache.dylib
0x000000001a29c000 	/System/Library/Frameworks/MetalPerformanceShaders.framework/Frameworks/MPSCore.framework/Versions/A/MPSCore
0x000000001a29c000 	/System/Library/Frameworks/MetalPerformanceShaders.framework/Frameworks/MPSImage.framework/Versions/A/MPSImage
0x000000001a29c000 	/System/Library/Frameworks/MetalPerformanceShaders.framework/Frameworks/MPSNeuralNetwork.framework/Versions/A/MPSNeuralNetwork
0x000000001a29c000 	/System/Library/Frameworks/MetalPerformanceShaders.framework/Frameworks/MPSMatrix.framework/Versions/A/MPSMatrix
0x000000001a29c000 	/System/Library/Frameworks/MetalPerformanceShaders.framework/Frameworks/MPSRayIntersector.framework/Versions/A/MPSRayIntersector
0x000000001a29c000 	/System/Library/PrivateFrameworks/MetalTools.framework/Versions/A/MetalTools
0x000000001a29c000 	/System/Library/PrivateFrameworks/AggregateDictionary.framework/Versions/A/AggregateDictionary
0x000000001a29c000 	/usr/lib/libMobileGestalt.dylib
0x000000001a29c000 	/System/Library/Frameworks/CoreVideo.framework/Versions/A/CoreVideo
0x000000001a29c000 	/System/Library/PrivateFrameworks/GraphVisualizer.framework/Versions/A/GraphVisualizer
0x000000001a29c000 	/System/Library/PrivateFrameworks/FaceCore.framework/Versions/A/FaceCore
0x000000001a29c000 	/System/Library/Frameworks/OpenCL.framework/Versions/A/OpenCL
0x000000001a29c000 	/usr/lib/libFosl_dynamic.dylib
0x000000001a29c000 	/System/Library/PrivateFrameworks/OTSVG.framework/Versions/A/OTSVG
0x000000001a29c000 	/System/Library/Frameworks/ApplicationServices.framework/Versions/A/Frameworks/ATS.framework/Versions/A/Resources/libFontParser.dylib
0x000000001a29c000 	/System/Library/Frameworks/ApplicationServices.framework/Versions/A/Frameworks/ATS.framework/Versions/A/Resources/libFontRegistry.dylib
0x000000001a29c000 	/System/Library/Frameworks/ImageIO.framework/Versions/A/Resources/libJPEG.dylib
0x000000001a29c000 	/System/Library/Frameworks/ImageIO.framework/Versions/A/Resources/libTIFF.dylib
0x000000001a29c000 	/System/Library/Frameworks/ImageIO.framework/Versions/A/Resources/libPng.dylib
0x000000001a29c000 	/System/Library/Frameworks/ImageIO.framework/Versions/A/Resources/libGIF.dylib
0x000000001a29c000 	/System/Library/Frameworks/ImageIO.framework/Versions/A/Resources/libJP2.dylib
0x000000001a29c000 	/System/Library/Frameworks/ImageIO.framework/Versions/A/Resources/libRadiance.dylib
0x000000001a29c000 	/System/Library/PrivateFrameworks/AppleJPEG.framework/Versions/A/AppleJPEG
0x000000001a29c000 	/System/Library/Frameworks/OpenGL.framework/Versions/A/Libraries/libGFXShared.dylib
0x000000001a29c000 	/System/Library/Frameworks/OpenGL.framework/Versions/A/Libraries/libGLU.dylib
0x000000001a29c000 	/System/Library/Frameworks/OpenGL.framework/Versions/A/Libraries/libGL.dylib
0x000000001a29c000 	/System/Library/Frameworks/OpenGL.framework/Versions/A/Libraries/libGLImage.dylib
0x000000001a29c000 	/System/Library/Frameworks/OpenGL.framework/Versions/A/Libraries/libCVMSPluginSupport.dylib
0x000000001a29c000 	/System/Library/Frameworks/OpenGL.framework/Versions/A/Libraries/libCoreVMClient.dylib
0x000000001a29c000 	/usr/lib/libcups.2.dylib
0x000000001a29c000 	/System/Library/Frameworks/Kerberos.framework/Versions/A/Kerberos
0x000000001a29c000 	/System/Library/Frameworks/GSS.framework/Versions/A/GSS
0x000000001a29c000 	/usr/lib/libresolv.9.dylib
0x000000001a29c000 	/usr/lib/libiconv.2.dylib
0x000000001a29c000 	/System/Library/PrivateFrameworks/Heimdal.framework/Versions/A/Heimdal
0x000000001a29c000 	/usr/lib/libheimdal-asn1.dylib
0x000000001a29c000 	/System/Library/Frameworks/OpenDirectory.framework/Versions/A/OpenDirectory
0x000000001a29c000 	/System/Library/PrivateFrameworks/CommonAuth.framework/Versions/A/CommonAuth
0x000000001a29c000 	/System/Library/Frameworks/OpenDirectory.framework/Versions/A/Frameworks/CFOpenDirectory.framework/Versions/A/CFOpenDirectory
0x000000001a29c000 	/System/Library/Frameworks/SecurityFoundation.framework/Versions/A/SecurityFoundation
0x000000001a29c000 	/System/Library/PrivateFrameworks/APFS.framework/Versions/A/APFS
0x000000001a29c000 	/usr/lib/libutil.dylib
0x000000001a29c000 	/usr/lib/libcharset.1.dylib
0x000000001a29c000 	/System/Library/PrivateFrameworks/AppleSauce.framework/Versions/A/AppleSauce
0x000000001a29c000 	/System/Library/PrivateFrameworks/AssertionServices.framework/Versions/A/AssertionServices
0x000000001a29c000 	/System/Library/PrivateFrameworks/BaseBoard.framework/Versions/A/BaseBoard
0x000000001a29c000 	/usr/lib/libmecab.1.0.0.dylib
0x000000001a29c000 	/usr/lib/libgermantok.dylib
0x000000001a29c000 	/usr/lib/libThaiTokenizer.dylib
0x000000001a29c000 	/usr/lib/libChineseTokenizer.dylib
0x000000001a29c000 	/System/Library/PrivateFrameworks/LanguageModeling.framework/Versions/A/LanguageModeling
0x000000001a29c000 	/System/Library/PrivateFrameworks/CoreEmoji.framework/Versions/A/CoreEmoji
0x000000001a29c000 	/System/Library/PrivateFrameworks/Lexicon.framework/Versions/A/Lexicon
0x000000001a29c000 	/System/Library/PrivateFrameworks/LinguisticData.framework/Versions/A/LinguisticData
0x000000001a29c000 	/usr/lib/libcmph.dylib
0x000000001a29c000 	/System/Library/Frameworks/ServiceManagement.framework/Versions/A/ServiceManagement
0x000000001a29c000 	/System/Library/PrivateFrameworks/BackgroundTaskManagement.framework/Versions/A/BackgroundTaskManagement
0x000000001a29c000 	/usr/lib/libxslt.1.dylib
0x000000001a29c000 	/System/Library/Frameworks/Carbon.framework/Versions/A/Frameworks/Ink.framework/Versions/A/Ink
0x000000001a29c000 	/System/Library/PrivateFrameworks/TextureIO.framework/Versions/A/TextureIO
0x000000001a29c000 	/usr/lib/libate.dylib
0x000000001a29c000 	/System/Library/PrivateFrameworks/CrashReporterSupport.framework/Versions/A/CrashReporterSupport
0x000000001a29c000 	/System/Library/PrivateFrameworks/Sharing.framework/Versions/A/Sharing
0x000000001a29c000 	/System/Library/PrivateFrameworks/AuthKit.framework/Versions/A/AuthKit
0x000000001a29c000 	/System/Library/PrivateFrameworks/Apple80211.framework/Versions/A/Apple80211
0x000000001a29c000 	/System/Library/PrivateFrameworks/CoreUtils.framework/Versions/A/CoreUtils
0x000000001a29c000 	/System/Library/Frameworks/CoreWLAN.framework/Versions/A/CoreWLAN
0x000000001a29c000 	/System/Library/Frameworks/IOBluetooth.framework/Versions/A/IOBluetooth
0x000000001a29c000 	/System/Library/PrivateFrameworks/ProtocolBuffer.framework/Versions/A/ProtocolBuffer
0x000000001a29c000 	/System/Library/PrivateFrameworks/MobileKeyBag.framework/Versions/A/MobileKeyBag
0x000000001a29c000 	/System/Library/PrivateFrameworks/CorePhoneNumbers.framework/Versions/A/CorePhoneNumbers
0x000000001a29c000 	/System/Library/PrivateFrameworks/AppleIDAuthSupport.framework/Versions/A/AppleIDAuthSupport
0x000000001a29c000 	/System/Library/PrivateFrameworks/KeychainCircle.framework/Versions/A/KeychainCircle
0x000000001a29c000 	/System/Library/PrivateFrameworks/ROCKit.framework/Versions/A/ROCKit
0x000000001a29c000 	/System/Library/PrivateFrameworks/CoreWiFi.framework/Versions/A/CoreWiFi
0x000000001a29c000 	/System/Library/Frameworks/CoreBluetooth.framework/Versions/A/CoreBluetooth
0x000000001a29c000 	/System/Library/PrivateFrameworks/DebugSymbols.framework/Versions/A/DebugSymbols
0x000000001a29c000 	/System/Library/PrivateFrameworks/CoreSymbolication.framework/Versions/A/CoreSymbolication
0x000000001a29c000 	/System/Library/PrivateFrameworks/Symbolication.framework/Versions/A/Symbolication
0x000000001a29c000 	/System/Library/PrivateFrameworks/SpeechRecognitionCore.framework/Versions/A/SpeechRecognitionCore
0x000000010ec00000 	/Library/Java/JavaVirtualMachines/jdk1.8.0_162.jdk/Contents/Home/jre/lib/server/libjvm.dylib
0x000000001a29c000 	/usr/lib/libstdc++.6.dylib
0x000000010e30f000 	/Library/Java/JavaVirtualMachines/jdk1.8.0_162.jdk/Contents/Home/jre/lib/libverify.dylib
0x000000010e31d000 	/Library/Java/JavaVirtualMachines/jdk1.8.0_162.jdk/Contents/Home/jre/lib/libjava.dylib
0x000000010e354000 	/Library/Java/JavaVirtualMachines/jdk1.8.0_162.jdk/Contents/Home/jre/lib/libjdwp.dylib
0x000000010e39f000 	/Library/Java/JavaVirtualMachines/jdk1.8.0_162.jdk/Contents/Home/jre/lib/libnpt.dylib
0x000000010e3a3000 	/Library/Java/JavaVirtualMachines/jdk1.8.0_162.jdk/Contents/Home/jre/lib/libinstrument.dylib
0x000000010fbf6000 	/Library/Java/JavaVirtualMachines/jdk1.8.0_162.jdk/Contents/Home/jre/lib/libzip.dylib
0x0000000116543000 	/Library/Java/JavaVirtualMachines/jdk1.8.0_162.jdk/Contents/Home/jre/lib/libdt_socket.dylib

VM Arguments:
jvm_args: -agentlib:jdwp=transport=dt_socket,suspend=y,address=localhost:60081 -javaagent:/Applications/Eclipse.app/Contents/Eclipse/configuration/org.eclipse.osgi/398/0/.cp/lib/javaagent-shaded.jar -Dfile.encoding=UTF-8 
java_command: zoho.Fibonacci
java_class_path (initial): /Users/sandeep/eclipse-workspace/zoho/bin:/Applications/Eclipse.app/Contents/Eclipse/configuration/org.eclipse.osgi/398/0/.cp/lib/javaagent-shaded.jar
Launcher Type: SUN_STANDARD

Environment Variables:
PATH=/usr/bin:/bin:/usr/sbin:/sbin
SHELL=/bin/bash

Signal Handlers:
SIGSEGV: [libjvm.dylib+0x5b52b5], sa_mask[0]=11111111011111110111111111111111, sa_flags=SA_ONSTACK|SA_RESTART|SA_SIGINFO
SIGBUS: [libjvm.dylib+0x5b52b5], sa_mask[0]=11111111011111110111111111111111, sa_flags=SA_RESTART|SA_SIGINFO
SIGFPE: [libjvm.dylib+0x48ac5c], sa_mask[0]=11111111011111110111111111111111, sa_flags=SA_RESTART|SA_SIGINFO
SIGPIPE: [libjvm.dylib+0x48ac5c], sa_mask[0]=11111111011111110111111111111111, sa_flags=SA_RESTART|SA_SIGINFO
SIGXFSZ: [libjvm.dylib+0x48ac5c], sa_mask[0]=11111111011111110111111111111111, sa_flags=SA_RESTART|SA_SIGINFO
SIGILL: [libjvm.dylib+0x48ac5c], sa_mask[0]=11111111011111110111111111111111, sa_flags=SA_RESTART|SA_SIGINFO
SIGUSR1: SIG_DFL, sa_mask[0]=00000000000000000000000000000000, sa_flags=none
SIGUSR2: [libjvm.dylib+0x48a77a], sa_mask[0]=00100000000000000000000000000000, sa_flags=SA_RESTART|SA_SIGINFO
SIGHUP: [libjvm.dylib+0x488d45], sa_mask[0]=11111111011111110111111111111111, sa_flags=SA_RESTART|SA_SIGINFO
SIGINT: [libjvm.dylib+0x488d45], sa_mask[0]=11111111011111110111111111111111, sa_flags=SA_RESTART|SA_SIGINFO
SIGTERM: [libjvm.dylib+0x488d45], sa_mask[0]=11111111011111110111111111111111, sa_flags=SA_RESTART|SA_SIGINFO
SIGQUIT: [libjvm.dylib+0x488d45], sa_mask[0]=11111111011111110111111111111111, sa_flags=SA_RESTART|SA_SIGINFO


---------------  S Y S T E M  ---------------

OS:Bsduname:Darwin 18.0.0 Darwin Kernel Version 18.0.0: Wed Aug 22 20:13:40 PDT 2018; root:xnu-4903.201.2~1/RELEASE_X86_64 x86_64
rlimit: STACK 8192k, CORE 0k, NPROC 709, NOFILE 10240, AS infinity
load average:3.64 2.74 2.40

CPU:total 4 (initial active 4) (2 cores per cpu, 2 threads per core) family 6 model 61 stepping 4, cmov, cx8, fxsr, mmx, sse, sse2, sse3, ssse3, sse4.1, sse4.2, popcnt, avx, avx2, aes, clmul, erms, rtm, 3dnowpref, lzcnt, ht, tsc, tscinvbit, bmi1, bmi2, adx

Memory: 4k page, physical 8388608k(36100k free)

/proc/meminfo:


vm_info: Java HotSpot(TM) 64-Bit Server VM (25.162-b12) for bsd-amd64 JRE (1.8.0_162-b12), built on Dec 19 2017 17:33:35 by "java_re" with gcc 4.2.1 (Based on Apple Inc. build 5658) (LLVM build 2336.11.00)

time: Fri Apr  5 11:45:32 2019
elapsed time: 80 seconds (0d 0h 1m 20s)

